[3.984s] Invoking command in '/home/baltazar/proyectos_ros/basic_control_ca_gz/src/mobile_robot': DEBUGINFOD_URLS=https://debuginfod.ubuntu.com PYTHONPATH=/home/baltazar/proyectos_ros/basic_control_ca_gz/build/mobile_robot/prefix_override:/usr/lib/python3/dist-packages/colcon_core/task/python/colcon_distutils_commands:/home/baltazar/proyectos_ros/basic_control_ca_gz/install/mobile_robot/lib/python3.12/site-packages:${PYTHONPATH} /usr/bin/python3 -W ignore:setup.py install is deprecated -W ignore:easy_install command is deprecated setup.py egg_info --egg-base ../../build/mobile_robot build --build-base /home/baltazar/proyectos_ros/basic_control_ca_gz/build/mobile_robot/build install --record /home/baltazar/proyectos_ros/basic_control_ca_gz/build/mobile_robot/install.log --single-version-externally-managed install_data
[4.802s] running egg_info
[4.903s] writing ../../build/mobile_robot/mobile_robot.egg-info/PKG-INFO
[4.904s] writing dependency_links to ../../build/mobile_robot/mobile_robot.egg-info/dependency_links.txt
[4.905s] writing entry points to ../../build/mobile_robot/mobile_robot.egg-info/entry_points.txt
[4.905s] writing requirements to ../../build/mobile_robot/mobile_robot.egg-info/requires.txt
[4.906s] writing top-level names to ../../build/mobile_robot/mobile_robot.egg-info/top_level.txt
[5.105s] reading manifest file '../../build/mobile_robot/mobile_robot.egg-info/SOURCES.txt'
[5.108s] writing manifest file '../../build/mobile_robot/mobile_robot.egg-info/SOURCES.txt'
[5.109s] running build
[5.109s] running build_py
[5.109s] copying mobile_robot/test.py -> /home/baltazar/proyectos_ros/basic_control_ca_gz/build/mobile_robot/build/lib/mobile_robot
[5.111s] running install
[5.136s] running install_lib
[5.238s] copying /home/baltazar/proyectos_ros/basic_control_ca_gz/build/mobile_robot/build/lib/mobile_robot/test.py -> /home/baltazar/proyectos_ros/basic_control_ca_gz/install/mobile_robot/lib/python3.12/site-packages/mobile_robot
[5.240s] byte-compiling /home/baltazar/proyectos_ros/basic_control_ca_gz/install/mobile_robot/lib/python3.12/site-packages/mobile_robot/test.py to test.cpython-312.pyc
[5.246s] running install_data
[5.246s] running install_egg_info
[5.333s] removing '/home/baltazar/proyectos_ros/basic_control_ca_gz/install/mobile_robot/lib/python3.12/site-packages/mobile_robot-0.0.0-py3.12.egg-info' (and everything under it)
[5.335s] Copying ../../build/mobile_robot/mobile_robot.egg-info to /home/baltazar/proyectos_ros/basic_control_ca_gz/install/mobile_robot/lib/python3.12/site-packages/mobile_robot-0.0.0-py3.12.egg-info
[5.339s] running install_scripts
[5.869s] Installing publisher script to /home/baltazar/proyectos_ros/basic_control_ca_gz/install/mobile_robot/lib/mobile_robot
[5.871s] writing list of installed files to '/home/baltazar/proyectos_ros/basic_control_ca_gz/build/mobile_robot/install.log'
[6.004s] Invoked command in '/home/baltazar/proyectos_ros/basic_control_ca_gz/src/mobile_robot' returned '0': DEBUGINFOD_URLS=https://debuginfod.ubuntu.com PYTHONPATH=/home/baltazar/proyectos_ros/basic_control_ca_gz/build/mobile_robot/prefix_override:/usr/lib/python3/dist-packages/colcon_core/task/python/colcon_distutils_commands:/home/baltazar/proyectos_ros/basic_control_ca_gz/install/mobile_robot/lib/python3.12/site-packages:${PYTHONPATH} /usr/bin/python3 -W ignore:setup.py install is deprecated -W ignore:easy_install command is deprecated setup.py egg_info --egg-base ../../build/mobile_robot build --build-base /home/baltazar/proyectos_ros/basic_control_ca_gz/build/mobile_robot/build install --record /home/baltazar/proyectos_ros/basic_control_ca_gz/build/mobile_robot/install.log --single-version-externally-managed install_data
