[0.806s] Invoking command in '/home/baltazar/proyectos_ros/basic_control_ca_gz/src/mobile_robot': DEBUGINFOD_URLS=https://debuginfod.ubuntu.com PYTHONPATH=/home/baltazar/proyectos_ros/basic_control_ca_gz/build/mobile_robot/prefix_override:/usr/lib/python3/dist-packages/colcon_core/task/python/colcon_distutils_commands:/home/baltazar/proyectos_ros/basic_control_ca_gz/install/mobile_robot/lib/python3.12/site-packages:${PYTHONPATH} /usr/bin/python3 -W ignore:setup.py install is deprecated -W ignore:easy_install command is deprecated setup.py egg_info --egg-base ../../build/mobile_robot build --build-base /home/baltazar/proyectos_ros/basic_control_ca_gz/build/mobile_robot/build install --record /home/baltazar/proyectos_ros/basic_control_ca_gz/build/mobile_robot/install.log --single-version-externally-managed install_data
[1.088s] running egg_info
[1.110s] writing ../../build/mobile_robot/mobile_robot.egg-info/PKG-INFO
[1.111s] writing dependency_links to ../../build/mobile_robot/mobile_robot.egg-info/dependency_links.txt
[1.111s] writing entry points to ../../build/mobile_robot/mobile_robot.egg-info/entry_points.txt
[1.111s] writing requirements to ../../build/mobile_robot/mobile_robot.egg-info/requires.txt
[1.111s] writing top-level names to ../../build/mobile_robot/mobile_robot.egg-info/top_level.txt
[1.156s] reading manifest file '../../build/mobile_robot/mobile_robot.egg-info/SOURCES.txt'
[1.157s] writing manifest file '../../build/mobile_robot/mobile_robot.egg-info/SOURCES.txt'
[1.157s] running build
[1.157s] running build_py
[1.158s] running install
[1.163s] running install_lib
[1.186s] running install_data
[1.186s] copying model/robot.gazebo -> /home/baltazar/proyectos_ros/basic_control_ca_gz/install/mobile_robot/share/mobile_robot/model
[1.187s] running install_egg_info
[1.211s] removing '/home/baltazar/proyectos_ros/basic_control_ca_gz/install/mobile_robot/lib/python3.12/site-packages/mobile_robot-0.0.0-py3.12.egg-info' (and everything under it)
[1.211s] Copying ../../build/mobile_robot/mobile_robot.egg-info to /home/baltazar/proyectos_ros/basic_control_ca_gz/install/mobile_robot/lib/python3.12/site-packages/mobile_robot-0.0.0-py3.12.egg-info
[1.212s] running install_scripts
[1.358s] Installing publisher script to /home/baltazar/proyectos_ros/basic_control_ca_gz/install/mobile_robot/lib/mobile_robot
[1.358s] writing list of installed files to '/home/baltazar/proyectos_ros/basic_control_ca_gz/build/mobile_robot/install.log'
[1.417s] Invoked command in '/home/baltazar/proyectos_ros/basic_control_ca_gz/src/mobile_robot' returned '0': DEBUGINFOD_URLS=https://debuginfod.ubuntu.com PYTHONPATH=/home/baltazar/proyectos_ros/basic_control_ca_gz/build/mobile_robot/prefix_override:/usr/lib/python3/dist-packages/colcon_core/task/python/colcon_distutils_commands:/home/baltazar/proyectos_ros/basic_control_ca_gz/install/mobile_robot/lib/python3.12/site-packages:${PYTHONPATH} /usr/bin/python3 -W ignore:setup.py install is deprecated -W ignore:easy_install command is deprecated setup.py egg_info --egg-base ../../build/mobile_robot build --build-base /home/baltazar/proyectos_ros/basic_control_ca_gz/build/mobile_robot/build install --record /home/baltazar/proyectos_ros/basic_control_ca_gz/build/mobile_robot/install.log --single-version-externally-managed install_data
