/home/baltazar/proyectos_ros/basic_control_ca_gz/install/mobile_robot/lib/python3.12/site-packages/mobile_robot/test.py
/home/baltazar/proyectos_ros/basic_control_ca_gz/install/mobile_robot/lib/python3.12/site-packages/mobile_robot/test1.py
/home/baltazar/proyectos_ros/basic_control_ca_gz/install/mobile_robot/lib/python3.12/site-packages/mobile_robot/__init__.py
/home/baltazar/proyectos_ros/basic_control_ca_gz/install/mobile_robot/lib/python3.12/site-packages/mobile_robot/__pycache__/test.cpython-312.pyc
/home/baltazar/proyectos_ros/basic_control_ca_gz/install/mobile_robot/lib/python3.12/site-packages/mobile_robot/__pycache__/test1.cpython-312.pyc
/home/baltazar/proyectos_ros/basic_control_ca_gz/install/mobile_robot/lib/python3.12/site-packages/mobile_robot/__pycache__/__init__.cpython-312.pyc
/home/baltazar/proyectos_ros/basic_control_ca_gz/install/mobile_robot/share/ament_index/resource_index/packages/mobile_robot
/home/baltazar/proyectos_ros/basic_control_ca_gz/install/mobile_robot/share/mobile_robot/package.xml
/home/baltazar/proyectos_ros/basic_control_ca_gz/install/mobile_robot/share/mobile_robot/launch/gazebo_model.launch.py
/home/baltazar/proyectos_ros/basic_control_ca_gz/install/mobile_robot/share/mobile_robot/model/robot.xacro
/home/baltazar/proyectos_ros/basic_control_ca_gz/install/mobile_robot/share/mobile_robot/model/robot.gazebo
/home/baltazar/proyectos_ros/basic_control_ca_gz/install/mobile_robot/share/mobile_robot/parameters/bridge_parameters.yaml
/home/baltazar/proyectos_ros/basic_control_ca_gz/install/mobile_robot/share/mobile_robot/worlds/basic.sdf
/home/baltazar/proyectos_ros/basic_control_ca_gz/install/mobile_robot/lib/python3.12/site-packages/mobile_robot-0.0.0-py3.12.egg-info/entry_points.txt
/home/baltazar/proyectos_ros/basic_control_ca_gz/install/mobile_robot/lib/python3.12/site-packages/mobile_robot-0.0.0-py3.12.egg-info/zip-safe
/home/baltazar/proyectos_ros/basic_control_ca_gz/install/mobile_robot/lib/python3.12/site-packages/mobile_robot-0.0.0-py3.12.egg-info/top_level.txt
/home/baltazar/proyectos_ros/basic_control_ca_gz/install/mobile_robot/lib/python3.12/site-packages/mobile_robot-0.0.0-py3.12.egg-info/SOURCES.txt
/home/baltazar/proyectos_ros/basic_control_ca_gz/install/mobile_robot/lib/python3.12/site-packages/mobile_robot-0.0.0-py3.12.egg-info/requires.txt
/home/baltazar/proyectos_ros/basic_control_ca_gz/install/mobile_robot/lib/python3.12/site-packages/mobile_robot-0.0.0-py3.12.egg-info/dependency_links.txt
/home/baltazar/proyectos_ros/basic_control_ca_gz/install/mobile_robot/lib/python3.12/site-packages/mobile_robot-0.0.0-py3.12.egg-info/PKG-INFO
/home/baltazar/proyectos_ros/basic_control_ca_gz/install/mobile_robot/lib/mobile_robot/publisher
