[0.979s] DEBUG:colcon:Command line arguments: ['/usr/bin/colcon', 'build', '--packages-select', 'mobile_robot']
[0.979s] DEBUG:colcon:Parsed command line arguments: Namespace(log_base=None, log_level=None, verb_name='build', build_base='build', install_base='install', merge_install=False, symlink_install=False, test_result_base=None, continue_on_error=False, executor='parallel', parallel_workers=8, event_handlers=None, ignore_user_meta=False, metas=['./colcon.meta'], base_paths=['.'], packages_ignore=None, packages_ignore_regex=None, paths=None, packages_up_to=None, packages_up_to_regex=None, packages_above=None, packages_above_and_dependencies=None, packages_above_depth=None, packages_select_by_dep=None, packages_skip_by_dep=None, packages_skip_up_to=None, packages_select_build_failed=False, packages_skip_build_finished=False, packages_select_test_failures=False, packages_skip_test_passed=False, packages_select=['mobile_robot'], packages_skip=None, packages_select_regex=None, packages_skip_regex=None, packages_start=None, packages_end=None, allow_overriding=[], cmake_args=None, cmake_target=None, cmake_target_skip_unavailable=False, cmake_clean_cache=False, cmake_clean_first=False, cmake_force_configure=False, ament_cmake_args=None, catkin_cmake_args=None, catkin_skip_building_tests=False, mixin_files=None, mixin=None, verb_parser=<colcon_mixin.mixin.mixin_argument.MixinArgumentDecorator object at 0x71fec7f948f0>, verb_extension=<colcon_core.verb.build.BuildVerb object at 0x71fec7f946b0>, main=<bound method BuildVerb.main of <colcon_core.verb.build.BuildVerb object at 0x71fec7f946b0>>, mixin_verb=('build',))
[1.266s] Level 1:colcon.colcon_core.package_discovery:discover_packages(colcon_meta) check parameters
[1.266s] Level 1:colcon.colcon_core.package_discovery:discover_packages(recursive) check parameters
[1.267s] Level 1:colcon.colcon_core.package_discovery:discover_packages(ignore) check parameters
[1.267s] Level 1:colcon.colcon_core.package_discovery:discover_packages(path) check parameters
[1.267s] Level 1:colcon.colcon_core.package_discovery:discover_packages(colcon_meta) discover
[1.268s] Level 1:colcon.colcon_core.package_discovery:discover_packages(recursive) discover
[1.268s] INFO:colcon.colcon_core.package_discovery:Crawling recursively for packages in '/home/baltazar/proyectos_ros/basic_control_ca_gz'
[1.269s] Level 1:colcon.colcon_core.package_identification:_identify(.) by extensions ['ignore', 'ignore_ament_install']
[1.269s] Level 1:colcon.colcon_core.package_identification:_identify(.) by extension 'ignore'
[1.270s] Level 1:colcon.colcon_core.package_identification:_identify(.) by extension 'ignore_ament_install'
[1.270s] Level 1:colcon.colcon_core.package_identification:_identify(.) by extensions ['colcon_pkg']
[1.270s] Level 1:colcon.colcon_core.package_identification:_identify(.) by extension 'colcon_pkg'
[1.271s] Level 1:colcon.colcon_core.package_identification:_identify(.) by extensions ['colcon_meta']
[1.271s] Level 1:colcon.colcon_core.package_identification:_identify(.) by extension 'colcon_meta'
[1.271s] Level 1:colcon.colcon_core.package_identification:_identify(.) by extensions ['ros']
[1.271s] Level 1:colcon.colcon_core.package_identification:_identify(.) by extension 'ros'
[1.475s] Level 1:colcon.colcon_core.package_identification:_identify(.) by extensions ['cmake', 'python']
[1.475s] Level 1:colcon.colcon_core.package_identification:_identify(.) by extension 'cmake'
[1.476s] Level 1:colcon.colcon_core.package_identification:_identify(.) by extension 'python'
[1.476s] Level 1:colcon.colcon_core.package_identification:_identify(.) by extensions ['python_setup_py']
[1.476s] Level 1:colcon.colcon_core.package_identification:_identify(.) by extension 'python_setup_py'
[1.477s] Level 1:colcon.colcon_core.package_identification:_identify(build) by extensions ['ignore', 'ignore_ament_install']
[1.478s] Level 1:colcon.colcon_core.package_identification:_identify(build) by extension 'ignore'
[1.478s] Level 1:colcon.colcon_core.package_identification:_identify(build) ignored
[1.479s] Level 1:colcon.colcon_core.package_identification:_identify(install) by extensions ['ignore', 'ignore_ament_install']
[1.479s] Level 1:colcon.colcon_core.package_identification:_identify(install) by extension 'ignore'
[1.480s] Level 1:colcon.colcon_core.package_identification:_identify(install) ignored
[1.481s] Level 1:colcon.colcon_core.package_identification:_identify(log) by extensions ['ignore', 'ignore_ament_install']
[1.482s] Level 1:colcon.colcon_core.package_identification:_identify(log) by extension 'ignore'
[1.482s] Level 1:colcon.colcon_core.package_identification:_identify(log) ignored
[1.483s] Level 1:colcon.colcon_core.package_identification:_identify(src) by extensions ['ignore', 'ignore_ament_install']
[1.483s] Level 1:colcon.colcon_core.package_identification:_identify(src) by extension 'ignore'
[1.484s] Level 1:colcon.colcon_core.package_identification:_identify(src) by extension 'ignore_ament_install'
[1.484s] Level 1:colcon.colcon_core.package_identification:_identify(src) by extensions ['colcon_pkg']
[1.485s] Level 1:colcon.colcon_core.package_identification:_identify(src) by extension 'colcon_pkg'
[1.485s] Level 1:colcon.colcon_core.package_identification:_identify(src) by extensions ['colcon_meta']
[1.485s] Level 1:colcon.colcon_core.package_identification:_identify(src) by extension 'colcon_meta'
[1.486s] Level 1:colcon.colcon_core.package_identification:_identify(src) by extensions ['ros']
[1.486s] Level 1:colcon.colcon_core.package_identification:_identify(src) by extension 'ros'
[1.487s] Level 1:colcon.colcon_core.package_identification:_identify(src) by extensions ['cmake', 'python']
[1.487s] Level 1:colcon.colcon_core.package_identification:_identify(src) by extension 'cmake'
[1.487s] Level 1:colcon.colcon_core.package_identification:_identify(src) by extension 'python'
[1.488s] Level 1:colcon.colcon_core.package_identification:_identify(src) by extensions ['python_setup_py']
[1.488s] Level 1:colcon.colcon_core.package_identification:_identify(src) by extension 'python_setup_py'
[1.489s] Level 1:colcon.colcon_core.package_identification:_identify(src/mobile_robot) by extensions ['ignore', 'ignore_ament_install']
[1.490s] Level 1:colcon.colcon_core.package_identification:_identify(src/mobile_robot) by extension 'ignore'
[1.490s] Level 1:colcon.colcon_core.package_identification:_identify(src/mobile_robot) by extension 'ignore_ament_install'
[1.491s] Level 1:colcon.colcon_core.package_identification:_identify(src/mobile_robot) by extensions ['colcon_pkg']
[1.491s] Level 1:colcon.colcon_core.package_identification:_identify(src/mobile_robot) by extension 'colcon_pkg'
[1.492s] Level 1:colcon.colcon_core.package_identification:_identify(src/mobile_robot) by extensions ['colcon_meta']
[1.492s] Level 1:colcon.colcon_core.package_identification:_identify(src/mobile_robot) by extension 'colcon_meta'
[1.493s] Level 1:colcon.colcon_core.package_identification:_identify(src/mobile_robot) by extensions ['ros']
[1.493s] Level 1:colcon.colcon_core.package_identification:_identify(src/mobile_robot) by extension 'ros'
[1.510s] DEBUG:colcon.colcon_core.package_identification:Package 'src/mobile_robot' with type 'ros.ament_python' and name 'mobile_robot'
[1.510s] Level 1:colcon.colcon_core.package_discovery:discover_packages(recursive) using defaults
[1.511s] Level 1:colcon.colcon_core.package_discovery:discover_packages(ignore) discover
[1.511s] Level 1:colcon.colcon_core.package_discovery:discover_packages(ignore) using defaults
[1.511s] Level 1:colcon.colcon_core.package_discovery:discover_packages(path) discover
[1.512s] Level 1:colcon.colcon_core.package_discovery:discover_packages(path) using defaults
[1.643s] Level 1:colcon.colcon_core.package_discovery:discover_packages(prefix_path) check parameters
[1.643s] Level 1:colcon.colcon_core.package_discovery:discover_packages(prefix_path) discover
[1.656s] DEBUG:colcon.colcon_installed_package_information.package_discovery:Found 1 installed packages in /home/baltazar/proyectos_ros/basic_control_ca_gz/install
[1.673s] DEBUG:colcon.colcon_installed_package_information.package_discovery:Found 351 installed packages in /opt/ros/jazzy
[1.685s] Level 1:colcon.colcon_core.package_discovery:discover_packages(prefix_path) using defaults
[2.159s] Level 5:colcon.colcon_core.verb:set package 'mobile_robot' build argument 'cmake_args' from command line to 'None'
[2.160s] Level 5:colcon.colcon_core.verb:set package 'mobile_robot' build argument 'cmake_target' from command line to 'None'
[2.160s] Level 5:colcon.colcon_core.verb:set package 'mobile_robot' build argument 'cmake_target_skip_unavailable' from command line to 'False'
[2.160s] Level 5:colcon.colcon_core.verb:set package 'mobile_robot' build argument 'cmake_clean_cache' from command line to 'False'
[2.161s] Level 5:colcon.colcon_core.verb:set package 'mobile_robot' build argument 'cmake_clean_first' from command line to 'False'
[2.161s] Level 5:colcon.colcon_core.verb:set package 'mobile_robot' build argument 'cmake_force_configure' from command line to 'False'
[2.161s] Level 5:colcon.colcon_core.verb:set package 'mobile_robot' build argument 'ament_cmake_args' from command line to 'None'
[2.161s] Level 5:colcon.colcon_core.verb:set package 'mobile_robot' build argument 'catkin_cmake_args' from command line to 'None'
[2.161s] Level 5:colcon.colcon_core.verb:set package 'mobile_robot' build argument 'catkin_skip_building_tests' from command line to 'False'
[2.162s] DEBUG:colcon.colcon_core.verb:Building package 'mobile_robot' with the following arguments: {'ament_cmake_args': None, 'build_base': '/home/baltazar/proyectos_ros/basic_control_ca_gz/build/mobile_robot', 'catkin_cmake_args': None, 'catkin_skip_building_tests': False, 'cmake_args': None, 'cmake_clean_cache': False, 'cmake_clean_first': False, 'cmake_force_configure': False, 'cmake_target': None, 'cmake_target_skip_unavailable': False, 'install_base': '/home/baltazar/proyectos_ros/basic_control_ca_gz/install/mobile_robot', 'merge_install': False, 'path': '/home/baltazar/proyectos_ros/basic_control_ca_gz/src/mobile_robot', 'symlink_install': False, 'test_result_base': None}
[2.163s] INFO:colcon.colcon_core.executor:Executing jobs using 'parallel' executor
[2.168s] DEBUG:colcon.colcon_parallel_executor.executor.parallel:run_until_complete
[2.169s] INFO:colcon.colcon_ros.task.ament_python.build:Building ROS package in '/home/baltazar/proyectos_ros/basic_control_ca_gz/src/mobile_robot' with build type 'ament_python'
[2.170s] Level 1:colcon.colcon_core.shell:create_environment_hook('mobile_robot', 'ament_prefix_path')
[2.185s] INFO:colcon.colcon_core.plugin_system:Skipping extension 'colcon_core.shell.bat': Not used on non-Windows systems
[2.187s] INFO:colcon.colcon_core.shell:Creating environment hook '/home/baltazar/proyectos_ros/basic_control_ca_gz/install/mobile_robot/share/mobile_robot/hook/ament_prefix_path.ps1'
[2.192s] INFO:colcon.colcon_core.shell:Creating environment descriptor '/home/baltazar/proyectos_ros/basic_control_ca_gz/install/mobile_robot/share/mobile_robot/hook/ament_prefix_path.dsv'
[2.195s] INFO:colcon.colcon_core.shell:Creating environment hook '/home/baltazar/proyectos_ros/basic_control_ca_gz/install/mobile_robot/share/mobile_robot/hook/ament_prefix_path.sh'
[2.199s] INFO:colcon.colcon_core.shell:Skip shell extension 'powershell' for command environment: Not usable outside of PowerShell
[2.200s] DEBUG:colcon.colcon_core.shell:Skip shell extension 'dsv' for command environment
[4.263s] INFO:colcon.colcon_core.task.python.build:Building Python package in '/home/baltazar/proyectos_ros/basic_control_ca_gz/src/mobile_robot'
[4.264s] INFO:colcon.colcon_core.shell:Skip shell extension 'powershell' for command environment: Not usable outside of PowerShell
[4.265s] DEBUG:colcon.colcon_core.shell:Skip shell extension 'dsv' for command environment
[9.846s] DEBUG:colcon.colcon_core.event_handler.log_command:Invoking command in '/home/baltazar/proyectos_ros/basic_control_ca_gz/src/mobile_robot': DEBUGINFOD_URLS=https://debuginfod.ubuntu.com PYTHONPATH=/home/baltazar/proyectos_ros/basic_control_ca_gz/build/mobile_robot/prefix_override:/usr/lib/python3/dist-packages/colcon_core/task/python/colcon_distutils_commands:/home/baltazar/proyectos_ros/basic_control_ca_gz/install/mobile_robot/lib/python3.12/site-packages:${PYTHONPATH} /usr/bin/python3 -W ignore:setup.py install is deprecated -W ignore:easy_install command is deprecated setup.py egg_info --egg-base ../../build/mobile_robot build --build-base /home/baltazar/proyectos_ros/basic_control_ca_gz/build/mobile_robot/build install --record /home/baltazar/proyectos_ros/basic_control_ca_gz/build/mobile_robot/install.log --single-version-externally-managed install_data
[15.101s] DEBUG:colcon.colcon_core.event_handler.log_command:Invoked command in '/home/baltazar/proyectos_ros/basic_control_ca_gz/src/mobile_robot' returned '0': DEBUGINFOD_URLS=https://debuginfod.ubuntu.com PYTHONPATH=/home/baltazar/proyectos_ros/basic_control_ca_gz/build/mobile_robot/prefix_override:/usr/lib/python3/dist-packages/colcon_core/task/python/colcon_distutils_commands:/home/baltazar/proyectos_ros/basic_control_ca_gz/install/mobile_robot/lib/python3.12/site-packages:${PYTHONPATH} /usr/bin/python3 -W ignore:setup.py install is deprecated -W ignore:easy_install command is deprecated setup.py egg_info --egg-base ../../build/mobile_robot build --build-base /home/baltazar/proyectos_ros/basic_control_ca_gz/build/mobile_robot/build install --record /home/baltazar/proyectos_ros/basic_control_ca_gz/build/mobile_robot/install.log --single-version-externally-managed install_data
[15.118s] Level 1:colcon.colcon_core.environment:checking '/home/baltazar/proyectos_ros/basic_control_ca_gz/install/mobile_robot' for CMake module files
[15.123s] Level 1:colcon.colcon_core.environment:checking '/home/baltazar/proyectos_ros/basic_control_ca_gz/install/mobile_robot' for CMake config files
[15.128s] Level 1:colcon.colcon_core.environment:checking '/home/baltazar/proyectos_ros/basic_control_ca_gz/install/mobile_robot/lib'
[15.130s] Level 1:colcon.colcon_core.environment:checking '/home/baltazar/proyectos_ros/basic_control_ca_gz/install/mobile_robot/bin'
[15.131s] Level 1:colcon.colcon_core.environment:checking '/home/baltazar/proyectos_ros/basic_control_ca_gz/install/mobile_robot/lib/pkgconfig/mobile_robot.pc'
[15.133s] Level 1:colcon.colcon_core.environment:checking '/home/baltazar/proyectos_ros/basic_control_ca_gz/install/mobile_robot/lib/python3.12/site-packages'
[15.134s] Level 1:colcon.colcon_core.shell:create_environment_hook('mobile_robot', 'pythonpath')
[15.135s] INFO:colcon.colcon_core.shell:Creating environment hook '/home/baltazar/proyectos_ros/basic_control_ca_gz/install/mobile_robot/share/mobile_robot/hook/pythonpath.ps1'
[15.139s] INFO:colcon.colcon_core.shell:Creating environment descriptor '/home/baltazar/proyectos_ros/basic_control_ca_gz/install/mobile_robot/share/mobile_robot/hook/pythonpath.dsv'
[15.142s] INFO:colcon.colcon_core.shell:Creating environment hook '/home/baltazar/proyectos_ros/basic_control_ca_gz/install/mobile_robot/share/mobile_robot/hook/pythonpath.sh'
[15.147s] Level 1:colcon.colcon_core.environment:checking '/home/baltazar/proyectos_ros/basic_control_ca_gz/install/mobile_robot/bin'
[15.148s] Level 1:colcon.colcon_core.environment:create_environment_scripts_only(mobile_robot)
[15.150s] INFO:colcon.colcon_core.shell:Creating package script '/home/baltazar/proyectos_ros/basic_control_ca_gz/install/mobile_robot/share/mobile_robot/package.ps1'
[15.156s] INFO:colcon.colcon_core.shell:Creating package descriptor '/home/baltazar/proyectos_ros/basic_control_ca_gz/install/mobile_robot/share/mobile_robot/package.dsv'
[15.161s] INFO:colcon.colcon_core.shell:Creating package script '/home/baltazar/proyectos_ros/basic_control_ca_gz/install/mobile_robot/share/mobile_robot/package.sh'
[15.167s] INFO:colcon.colcon_core.shell:Creating package script '/home/baltazar/proyectos_ros/basic_control_ca_gz/install/mobile_robot/share/mobile_robot/package.bash'
[15.174s] INFO:colcon.colcon_core.shell:Creating package script '/home/baltazar/proyectos_ros/basic_control_ca_gz/install/mobile_robot/share/mobile_robot/package.zsh'
[15.178s] Level 1:colcon.colcon_core.environment:create_file_with_runtime_dependencies(/home/baltazar/proyectos_ros/basic_control_ca_gz/install/mobile_robot/share/colcon-core/packages/mobile_robot)
[15.180s] DEBUG:colcon.colcon_parallel_executor.executor.parallel:closing loop
[15.185s] DEBUG:colcon.colcon_parallel_executor.executor.parallel:loop closed
[15.185s] DEBUG:colcon.colcon_parallel_executor.executor.parallel:run_until_complete finished with '0'
[15.185s] DEBUG:colcon.colcon_core.event_reactor:joining thread
[15.225s] INFO:colcon.colcon_core.plugin_system:Skipping extension 'colcon_notification.desktop_notification.terminal_notifier': Not used on non-Darwin systems
[15.226s] INFO:colcon.colcon_core.plugin_system:Skipping extension 'colcon_notification.desktop_notification.win32': Not used on non-Windows systems
[15.226s] INFO:colcon.colcon_notification.desktop_notification:Sending desktop notification using 'notify2'
[15.308s] DEBUG:colcon.colcon_core.event_reactor:joined thread
[15.310s] INFO:colcon.colcon_core.shell:Creating prefix script '/home/baltazar/proyectos_ros/basic_control_ca_gz/install/local_setup.ps1'
[15.315s] INFO:colcon.colcon_core.shell:Creating prefix util module '/home/baltazar/proyectos_ros/basic_control_ca_gz/install/_local_setup_util_ps1.py'
[15.323s] INFO:colcon.colcon_core.shell:Creating prefix chain script '/home/baltazar/proyectos_ros/basic_control_ca_gz/install/setup.ps1'
[15.332s] INFO:colcon.colcon_core.shell:Creating prefix script '/home/baltazar/proyectos_ros/basic_control_ca_gz/install/local_setup.sh'
[15.338s] INFO:colcon.colcon_core.shell:Creating prefix util module '/home/baltazar/proyectos_ros/basic_control_ca_gz/install/_local_setup_util_sh.py'
[15.343s] INFO:colcon.colcon_core.shell:Creating prefix chain script '/home/baltazar/proyectos_ros/basic_control_ca_gz/install/setup.sh'
[15.350s] INFO:colcon.colcon_core.shell:Creating prefix script '/home/baltazar/proyectos_ros/basic_control_ca_gz/install/local_setup.bash'
[15.356s] INFO:colcon.colcon_core.shell:Creating prefix chain script '/home/baltazar/proyectos_ros/basic_control_ca_gz/install/setup.bash'
[15.363s] INFO:colcon.colcon_core.shell:Creating prefix script '/home/baltazar/proyectos_ros/basic_control_ca_gz/install/local_setup.zsh'
[15.367s] INFO:colcon.colcon_core.shell:Creating prefix chain script '/home/baltazar/proyectos_ros/basic_control_ca_gz/install/setup.zsh'
