[0.765s] Invoking command in '/home/baltazar/proyectos_ros/basic_control_ca_gz/build/mobile_robot': DEBUGINFOD_URLS=https://debuginfod.ubuntu.com PYTHONPATH=/home/baltazar/proyectos_ros/basic_control_ca_gz/build/mobile_robot/prefix_override:/usr/lib/python3/dist-packages/colcon_core/task/python/colcon_distutils_commands:/home/baltazar/proyectos_ros/basic_control_ca_gz/install/mobile_robot/lib/python3.12/site-packages:${PYTHONPATH} /usr/bin/python3 -W ignore:setup.py install is deprecated -W ignore:easy_install command is deprecated setup.py develop --editable --build-directory /home/baltazar/proyectos_ros/basic_control_ca_gz/build/mobile_robot/build --no-deps symlink_data --force
[1.101s] running develop
[1.328s] running egg_info
[1.350s] writing mobile_robot.egg-info/PKG-INFO
[1.350s] writing dependency_links to mobile_robot.egg-info/dependency_links.txt
[1.350s] writing entry points to mobile_robot.egg-info/entry_points.txt
[1.351s] writing requirements to mobile_robot.egg-info/requires.txt
[1.351s] writing top-level names to mobile_robot.egg-info/top_level.txt
[1.395s] reading manifest file 'mobile_robot.egg-info/SOURCES.txt'
[1.396s] writing manifest file 'mobile_robot.egg-info/SOURCES.txt'
[1.420s] running build_ext
[1.420s] Creating /home/baltazar/proyectos_ros/basic_control_ca_gz/install/mobile_robot/lib/python3.12/site-packages/mobile-robot.egg-link (link to .)
[1.420s] Installing publisher script to /home/baltazar/proyectos_ros/basic_control_ca_gz/install/mobile_robot/lib/mobile_robot
[1.420s] 
[1.420s] Installed /home/baltazar/proyectos_ros/basic_control_ca_gz/build/mobile_robot
[1.421s] running symlink_data
[1.421s] symbolically linking /home/baltazar/proyectos_ros/basic_control_ca_gz/build/mobile_robot/resource/mobile_robot -> /home/baltazar/proyectos_ros/basic_control_ca_gz/install/mobile_robot/share/ament_index/resource_index/packages
[1.421s] symbolically linking /home/baltazar/proyectos_ros/basic_control_ca_gz/build/mobile_robot/package.xml -> /home/baltazar/proyectos_ros/basic_control_ca_gz/install/mobile_robot/share/mobile_robot
[1.421s] symbolically linking /home/baltazar/proyectos_ros/basic_control_ca_gz/build/mobile_robot/launch/gazebo_model.launch.py -> /home/baltazar/proyectos_ros/basic_control_ca_gz/install/mobile_robot/share/mobile_robot/launch
[1.421s] symbolically linking /home/baltazar/proyectos_ros/basic_control_ca_gz/build/mobile_robot/model/robot.xacro -> /home/baltazar/proyectos_ros/basic_control_ca_gz/install/mobile_robot/share/mobile_robot/model
[1.421s] symbolically linking /home/baltazar/proyectos_ros/basic_control_ca_gz/build/mobile_robot/model/robot.gazebo -> /home/baltazar/proyectos_ros/basic_control_ca_gz/install/mobile_robot/share/mobile_robot/model
[1.421s] symbolically linking /home/baltazar/proyectos_ros/basic_control_ca_gz/build/mobile_robot/parameters/bridge_parameters.yaml -> /home/baltazar/proyectos_ros/basic_control_ca_gz/install/mobile_robot/share/mobile_robot/parameters
[1.421s] symbolically linking /home/baltazar/proyectos_ros/basic_control_ca_gz/build/mobile_robot/worlds/ionic.sdf -> /home/baltazar/proyectos_ros/basic_control_ca_gz/install/mobile_robot/share/mobile_robot/worlds
[1.452s] Invoked command in '/home/baltazar/proyectos_ros/basic_control_ca_gz/build/mobile_robot' returned '0': DEBUGINFOD_URLS=https://debuginfod.ubuntu.com PYTHONPATH=/home/baltazar/proyectos_ros/basic_control_ca_gz/build/mobile_robot/prefix_override:/usr/lib/python3/dist-packages/colcon_core/task/python/colcon_distutils_commands:/home/baltazar/proyectos_ros/basic_control_ca_gz/install/mobile_robot/lib/python3.12/site-packages:${PYTHONPATH} /usr/bin/python3 -W ignore:setup.py install is deprecated -W ignore:easy_install command is deprecated setup.py develop --editable --build-directory /home/baltazar/proyectos_ros/basic_control_ca_gz/build/mobile_robot/build --no-deps symlink_data --force
