running develop
running egg_info
writing mobile_robot.egg-info/PKG-INFO
writing dependency_links to mobile_robot.egg-info/dependency_links.txt
writing entry points to mobile_robot.egg-info/entry_points.txt
writing requirements to mobile_robot.egg-info/requires.txt
writing top-level names to mobile_robot.egg-info/top_level.txt
reading manifest file 'mobile_robot.egg-info/SOURCES.txt'
writing manifest file 'mobile_robot.egg-info/SOURCES.txt'
running build_ext
Creating /home/baltazar/proyectos_ros/basic_control_ca_gz/install/mobile_robot/lib/python3.12/site-packages/mobile-robot.egg-link (link to .)
Installing publisher script to /home/baltazar/proyectos_ros/basic_control_ca_gz/install/mobile_robot/lib/mobile_robot

Installed /home/baltazar/proyectos_ros/basic_control_ca_gz/build/mobile_robot
running symlink_data
symbolically linking /home/baltazar/proyectos_ros/basic_control_ca_gz/build/mobile_robot/resource/mobile_robot -> /home/baltazar/proyectos_ros/basic_control_ca_gz/install/mobile_robot/share/ament_index/resource_index/packages
symbolically linking /home/baltazar/proyectos_ros/basic_control_ca_gz/build/mobile_robot/package.xml -> /home/baltazar/proyectos_ros/basic_control_ca_gz/install/mobile_robot/share/mobile_robot
symbolically linking /home/baltazar/proyectos_ros/basic_control_ca_gz/build/mobile_robot/launch/gazebo_model.launch.py -> /home/baltazar/proyectos_ros/basic_control_ca_gz/install/mobile_robot/share/mobile_robot/launch
symbolically linking /home/baltazar/proyectos_ros/basic_control_ca_gz/build/mobile_robot/model/robot.xacro -> /home/baltazar/proyectos_ros/basic_control_ca_gz/install/mobile_robot/share/mobile_robot/model
symbolically linking /home/baltazar/proyectos_ros/basic_control_ca_gz/build/mobile_robot/model/robot.gazebo -> /home/baltazar/proyectos_ros/basic_control_ca_gz/install/mobile_robot/share/mobile_robot/model
symbolically linking /home/baltazar/proyectos_ros/basic_control_ca_gz/build/mobile_robot/parameters/bridge_parameters.yaml -> /home/baltazar/proyectos_ros/basic_control_ca_gz/install/mobile_robot/share/mobile_robot/parameters
creating /home/baltazar/proyectos_ros/basic_control_ca_gz/install/mobile_robot/share/mobile_robot/worlds
