[0.170s] DEBUG:colcon:Command line arguments: ['/usr/bin/colcon', 'build']
[0.170s] DEBUG:colcon:Parsed command line arguments: Namespace(log_base=None, log_level=None, verb_name='build', build_base='build', install_base='install', merge_install=False, symlink_install=False, test_result_base=None, continue_on_error=False, executor='parallel', parallel_workers=8, event_handlers=None, ignore_user_meta=False, metas=['./colcon.meta'], base_paths=['.'], packages_ignore=None, packages_ignore_regex=None, paths=None, packages_up_to=None, packages_up_to_regex=None, packages_above=None, packages_above_and_dependencies=None, packages_above_depth=None, packages_select_by_dep=None, packages_skip_by_dep=None, packages_skip_up_to=None, packages_select_build_failed=False, packages_skip_build_finished=False, packages_select_test_failures=False, packages_skip_test_passed=False, packages_select=None, packages_skip=None, packages_select_regex=None, packages_skip_regex=None, packages_start=None, packages_end=None, allow_overriding=[], cmake_args=None, cmake_target=None, cmake_target_skip_unavailable=False, cmake_clean_cache=False, cmake_clean_first=False, cmake_force_configure=False, ament_cmake_args=None, catkin_cmake_args=None, catkin_skip_building_tests=False, mixin_files=None, mixin=None, verb_parser=<colcon_mixin.mixin.mixin_argument.MixinArgumentDecorator object at 0x736447a907a0>, verb_extension=<colcon_core.verb.build.BuildVerb object at 0x736447a90440>, main=<bound method BuildVerb.main of <colcon_core.verb.build.BuildVerb object at 0x736447a90440>>, mixin_verb=('build',))
[0.226s] Level 1:colcon.colcon_core.package_discovery:discover_packages(colcon_meta) check parameters
[0.226s] Level 1:colcon.colcon_core.package_discovery:discover_packages(recursive) check parameters
[0.227s] Level 1:colcon.colcon_core.package_discovery:discover_packages(ignore) check parameters
[0.227s] Level 1:colcon.colcon_core.package_discovery:discover_packages(path) check parameters
[0.227s] Level 1:colcon.colcon_core.package_discovery:discover_packages(colcon_meta) discover
[0.227s] Level 1:colcon.colcon_core.package_discovery:discover_packages(recursive) discover
[0.227s] INFO:colcon.colcon_core.package_discovery:Crawling recursively for packages in '/home/baltazar/proyectos_ros/basic_control_ca_gz'
[0.227s] Level 1:colcon.colcon_core.package_identification:_identify(.) by extensions ['ignore', 'ignore_ament_install']
[0.227s] Level 1:colcon.colcon_core.package_identification:_identify(.) by extension 'ignore'
[0.227s] Level 1:colcon.colcon_core.package_identification:_identify(.) by extension 'ignore_ament_install'
[0.227s] Level 1:colcon.colcon_core.package_identification:_identify(.) by extensions ['colcon_pkg']
[0.228s] Level 1:colcon.colcon_core.package_identification:_identify(.) by extension 'colcon_pkg'
[0.228s] Level 1:colcon.colcon_core.package_identification:_identify(.) by extensions ['colcon_meta']
[0.228s] Level 1:colcon.colcon_core.package_identification:_identify(.) by extension 'colcon_meta'
[0.228s] Level 1:colcon.colcon_core.package_identification:_identify(.) by extensions ['ros']
[0.228s] Level 1:colcon.colcon_core.package_identification:_identify(.) by extension 'ros'
[0.267s] Level 1:colcon.colcon_core.package_identification:_identify(.) by extensions ['cmake', 'python']
[0.267s] Level 1:colcon.colcon_core.package_identification:_identify(.) by extension 'cmake'
[0.267s] Level 1:colcon.colcon_core.package_identification:_identify(.) by extension 'python'
[0.267s] Level 1:colcon.colcon_core.package_identification:_identify(.) by extensions ['python_setup_py']
[0.267s] Level 1:colcon.colcon_core.package_identification:_identify(.) by extension 'python_setup_py'
[0.267s] Level 1:colcon.colcon_core.package_identification:_identify(build) by extensions ['ignore', 'ignore_ament_install']
[0.267s] Level 1:colcon.colcon_core.package_identification:_identify(build) by extension 'ignore'
[0.267s] Level 1:colcon.colcon_core.package_identification:_identify(build) ignored
[0.267s] Level 1:colcon.colcon_core.package_identification:_identify(install) by extensions ['ignore', 'ignore_ament_install']
[0.268s] Level 1:colcon.colcon_core.package_identification:_identify(install) by extension 'ignore'
[0.268s] Level 1:colcon.colcon_core.package_identification:_identify(install) ignored
[0.268s] Level 1:colcon.colcon_core.package_identification:_identify(log) by extensions ['ignore', 'ignore_ament_install']
[0.268s] Level 1:colcon.colcon_core.package_identification:_identify(log) by extension 'ignore'
[0.268s] Level 1:colcon.colcon_core.package_identification:_identify(log) ignored
[0.268s] Level 1:colcon.colcon_core.package_identification:_identify(src) by extensions ['ignore', 'ignore_ament_install']
[0.268s] Level 1:colcon.colcon_core.package_identification:_identify(src) by extension 'ignore'
[0.268s] Level 1:colcon.colcon_core.package_identification:_identify(src) by extension 'ignore_ament_install'
[0.268s] Level 1:colcon.colcon_core.package_identification:_identify(src) by extensions ['colcon_pkg']
[0.268s] Level 1:colcon.colcon_core.package_identification:_identify(src) by extension 'colcon_pkg'
[0.268s] Level 1:colcon.colcon_core.package_identification:_identify(src) by extensions ['colcon_meta']
[0.268s] Level 1:colcon.colcon_core.package_identification:_identify(src) by extension 'colcon_meta'
[0.269s] Level 1:colcon.colcon_core.package_identification:_identify(src) by extensions ['ros']
[0.269s] Level 1:colcon.colcon_core.package_identification:_identify(src) by extension 'ros'
[0.269s] Level 1:colcon.colcon_core.package_identification:_identify(src) by extensions ['cmake', 'python']
[0.269s] Level 1:colcon.colcon_core.package_identification:_identify(src) by extension 'cmake'
[0.269s] Level 1:colcon.colcon_core.package_identification:_identify(src) by extension 'python'
[0.269s] Level 1:colcon.colcon_core.package_identification:_identify(src) by extensions ['python_setup_py']
[0.269s] Level 1:colcon.colcon_core.package_identification:_identify(src) by extension 'python_setup_py'
[0.269s] Level 1:colcon.colcon_core.package_identification:_identify(src/mobile_robot) by extensions ['ignore', 'ignore_ament_install']
[0.269s] Level 1:colcon.colcon_core.package_identification:_identify(src/mobile_robot) by extension 'ignore'
[0.269s] Level 1:colcon.colcon_core.package_identification:_identify(src/mobile_robot) by extension 'ignore_ament_install'
[0.269s] Level 1:colcon.colcon_core.package_identification:_identify(src/mobile_robot) by extensions ['colcon_pkg']
[0.269s] Level 1:colcon.colcon_core.package_identification:_identify(src/mobile_robot) by extension 'colcon_pkg'
[0.269s] Level 1:colcon.colcon_core.package_identification:_identify(src/mobile_robot) by extensions ['colcon_meta']
[0.270s] Level 1:colcon.colcon_core.package_identification:_identify(src/mobile_robot) by extension 'colcon_meta'
[0.270s] Level 1:colcon.colcon_core.package_identification:_identify(src/mobile_robot) by extensions ['ros']
[0.270s] Level 1:colcon.colcon_core.package_identification:_identify(src/mobile_robot) by extension 'ros'
[0.273s] DEBUG:colcon.colcon_core.package_identification:Package 'src/mobile_robot' with type 'ros.ament_python' and name 'mobile_robot'
[0.273s] Level 1:colcon.colcon_core.package_discovery:discover_packages(recursive) using defaults
[0.273s] Level 1:colcon.colcon_core.package_discovery:discover_packages(ignore) discover
[0.273s] Level 1:colcon.colcon_core.package_discovery:discover_packages(ignore) using defaults
[0.273s] Level 1:colcon.colcon_core.package_discovery:discover_packages(path) discover
[0.273s] Level 1:colcon.colcon_core.package_discovery:discover_packages(path) using defaults
[0.297s] Level 1:colcon.colcon_core.package_discovery:discover_packages(prefix_path) check parameters
[0.297s] Level 1:colcon.colcon_core.package_discovery:discover_packages(prefix_path) discover
[0.299s] DEBUG:colcon.colcon_installed_package_information.package_discovery:Found 1 installed packages in /home/baltazar/proyectos_ros/basic_control_ca_gz/install
[0.302s] DEBUG:colcon.colcon_installed_package_information.package_discovery:Found 347 installed packages in /opt/ros/jazzy
[0.304s] Level 1:colcon.colcon_core.package_discovery:discover_packages(prefix_path) using defaults
[0.371s] Level 5:colcon.colcon_core.verb:set package 'mobile_robot' build argument 'cmake_args' from command line to 'None'
[0.372s] Level 5:colcon.colcon_core.verb:set package 'mobile_robot' build argument 'cmake_target' from command line to 'None'
[0.372s] Level 5:colcon.colcon_core.verb:set package 'mobile_robot' build argument 'cmake_target_skip_unavailable' from command line to 'False'
[0.372s] Level 5:colcon.colcon_core.verb:set package 'mobile_robot' build argument 'cmake_clean_cache' from command line to 'False'
[0.372s] Level 5:colcon.colcon_core.verb:set package 'mobile_robot' build argument 'cmake_clean_first' from command line to 'False'
[0.372s] Level 5:colcon.colcon_core.verb:set package 'mobile_robot' build argument 'cmake_force_configure' from command line to 'False'
[0.372s] Level 5:colcon.colcon_core.verb:set package 'mobile_robot' build argument 'ament_cmake_args' from command line to 'None'
[0.372s] Level 5:colcon.colcon_core.verb:set package 'mobile_robot' build argument 'catkin_cmake_args' from command line to 'None'
[0.372s] Level 5:colcon.colcon_core.verb:set package 'mobile_robot' build argument 'catkin_skip_building_tests' from command line to 'False'
[0.372s] DEBUG:colcon.colcon_core.verb:Building package 'mobile_robot' with the following arguments: {'ament_cmake_args': None, 'build_base': '/home/baltazar/proyectos_ros/basic_control_ca_gz/build/mobile_robot', 'catkin_cmake_args': None, 'catkin_skip_building_tests': False, 'cmake_args': None, 'cmake_clean_cache': False, 'cmake_clean_first': False, 'cmake_force_configure': False, 'cmake_target': None, 'cmake_target_skip_unavailable': False, 'install_base': '/home/baltazar/proyectos_ros/basic_control_ca_gz/install/mobile_robot', 'merge_install': False, 'path': '/home/baltazar/proyectos_ros/basic_control_ca_gz/src/mobile_robot', 'symlink_install': False, 'test_result_base': None}
[0.372s] INFO:colcon.colcon_core.executor:Executing jobs using 'parallel' executor
[0.373s] DEBUG:colcon.colcon_parallel_executor.executor.parallel:run_until_complete
[0.373s] INFO:colcon.colcon_ros.task.ament_python.build:Building ROS package in '/home/baltazar/proyectos_ros/basic_control_ca_gz/src/mobile_robot' with build type 'ament_python'
[0.373s] Level 1:colcon.colcon_core.shell:create_environment_hook('mobile_robot', 'ament_prefix_path')
[0.375s] INFO:colcon.colcon_core.plugin_system:Skipping extension 'colcon_core.shell.bat': Not used on non-Windows systems
[0.375s] INFO:colcon.colcon_core.shell:Creating environment hook '/home/baltazar/proyectos_ros/basic_control_ca_gz/install/mobile_robot/share/mobile_robot/hook/ament_prefix_path.ps1'
[0.391s] INFO:colcon.colcon_core.shell:Creating environment descriptor '/home/baltazar/proyectos_ros/basic_control_ca_gz/install/mobile_robot/share/mobile_robot/hook/ament_prefix_path.dsv'
[0.392s] INFO:colcon.colcon_core.shell:Creating environment hook '/home/baltazar/proyectos_ros/basic_control_ca_gz/install/mobile_robot/share/mobile_robot/hook/ament_prefix_path.sh'
[0.393s] INFO:colcon.colcon_core.shell:Skip shell extension 'powershell' for command environment: Not usable outside of PowerShell
[0.393s] DEBUG:colcon.colcon_core.shell:Skip shell extension 'dsv' for command environment
[1.317s] INFO:colcon.colcon_core.task.python.build:Building Python package in '/home/baltazar/proyectos_ros/basic_control_ca_gz/src/mobile_robot'
[1.318s] INFO:colcon.colcon_core.shell:Skip shell extension 'powershell' for command environment: Not usable outside of PowerShell
[1.318s] DEBUG:colcon.colcon_core.shell:Skip shell extension 'dsv' for command environment
[5.083s] DEBUG:colcon.colcon_core.event_handler.log_command:Invoking command in '/home/baltazar/proyectos_ros/basic_control_ca_gz/src/mobile_robot': DEBUGINFOD_URLS=https://debuginfod.ubuntu.com PYTHONPATH=/home/baltazar/proyectos_ros/basic_control_ca_gz/build/mobile_robot/prefix_override:/usr/lib/python3/dist-packages/colcon_core/task/python/colcon_distutils_commands:/home/baltazar/proyectos_ros/basic_control_ca_gz/install/mobile_robot/lib/python3.12/site-packages:${PYTHONPATH} /usr/bin/python3 -W ignore:setup.py install is deprecated -W ignore:easy_install command is deprecated setup.py egg_info --egg-base ../../build/mobile_robot build --build-base /home/baltazar/proyectos_ros/basic_control_ca_gz/build/mobile_robot/build install --record /home/baltazar/proyectos_ros/basic_control_ca_gz/build/mobile_robot/install.log --single-version-externally-managed install_data
[10.714s] DEBUG:colcon.colcon_core.event_handler.log_command:Invoked command in '/home/baltazar/proyectos_ros/basic_control_ca_gz/src/mobile_robot' returned '0': DEBUGINFOD_URLS=https://debuginfod.ubuntu.com PYTHONPATH=/home/baltazar/proyectos_ros/basic_control_ca_gz/build/mobile_robot/prefix_override:/usr/lib/python3/dist-packages/colcon_core/task/python/colcon_distutils_commands:/home/baltazar/proyectos_ros/basic_control_ca_gz/install/mobile_robot/lib/python3.12/site-packages:${PYTHONPATH} /usr/bin/python3 -W ignore:setup.py install is deprecated -W ignore:easy_install command is deprecated setup.py egg_info --egg-base ../../build/mobile_robot build --build-base /home/baltazar/proyectos_ros/basic_control_ca_gz/build/mobile_robot/build install --record /home/baltazar/proyectos_ros/basic_control_ca_gz/build/mobile_robot/install.log --single-version-externally-managed install_data
[10.732s] Level 1:colcon.colcon_core.environment:checking '/home/baltazar/proyectos_ros/basic_control_ca_gz/install/mobile_robot' for CMake module files
[10.736s] Level 1:colcon.colcon_core.environment:checking '/home/baltazar/proyectos_ros/basic_control_ca_gz/install/mobile_robot' for CMake config files
[10.742s] Level 1:colcon.colcon_core.environment:checking '/home/baltazar/proyectos_ros/basic_control_ca_gz/install/mobile_robot/lib'
[10.743s] Level 1:colcon.colcon_core.environment:checking '/home/baltazar/proyectos_ros/basic_control_ca_gz/install/mobile_robot/bin'
[10.744s] Level 1:colcon.colcon_core.environment:checking '/home/baltazar/proyectos_ros/basic_control_ca_gz/install/mobile_robot/lib/pkgconfig/mobile_robot.pc'
[10.746s] Level 1:colcon.colcon_core.environment:checking '/home/baltazar/proyectos_ros/basic_control_ca_gz/install/mobile_robot/lib/python3.12/site-packages'
[10.748s] Level 1:colcon.colcon_core.shell:create_environment_hook('mobile_robot', 'pythonpath')
[10.749s] INFO:colcon.colcon_core.shell:Creating environment hook '/home/baltazar/proyectos_ros/basic_control_ca_gz/install/mobile_robot/share/mobile_robot/hook/pythonpath.ps1'
[10.753s] INFO:colcon.colcon_core.shell:Creating environment descriptor '/home/baltazar/proyectos_ros/basic_control_ca_gz/install/mobile_robot/share/mobile_robot/hook/pythonpath.dsv'
[10.756s] INFO:colcon.colcon_core.shell:Creating environment hook '/home/baltazar/proyectos_ros/basic_control_ca_gz/install/mobile_robot/share/mobile_robot/hook/pythonpath.sh'
[10.762s] Level 1:colcon.colcon_core.environment:checking '/home/baltazar/proyectos_ros/basic_control_ca_gz/install/mobile_robot/bin'
[10.762s] Level 1:colcon.colcon_core.environment:create_environment_scripts_only(mobile_robot)
[10.764s] INFO:colcon.colcon_core.shell:Creating package script '/home/baltazar/proyectos_ros/basic_control_ca_gz/install/mobile_robot/share/mobile_robot/package.ps1'
[10.772s] INFO:colcon.colcon_core.shell:Creating package descriptor '/home/baltazar/proyectos_ros/basic_control_ca_gz/install/mobile_robot/share/mobile_robot/package.dsv'
[10.778s] INFO:colcon.colcon_core.shell:Creating package script '/home/baltazar/proyectos_ros/basic_control_ca_gz/install/mobile_robot/share/mobile_robot/package.sh'
[10.784s] INFO:colcon.colcon_core.shell:Creating package script '/home/baltazar/proyectos_ros/basic_control_ca_gz/install/mobile_robot/share/mobile_robot/package.bash'
[10.791s] INFO:colcon.colcon_core.shell:Creating package script '/home/baltazar/proyectos_ros/basic_control_ca_gz/install/mobile_robot/share/mobile_robot/package.zsh'
[10.796s] Level 1:colcon.colcon_core.environment:create_file_with_runtime_dependencies(/home/baltazar/proyectos_ros/basic_control_ca_gz/install/mobile_robot/share/colcon-core/packages/mobile_robot)
[10.798s] DEBUG:colcon.colcon_parallel_executor.executor.parallel:closing loop
[10.800s] DEBUG:colcon.colcon_parallel_executor.executor.parallel:loop closed
[10.801s] DEBUG:colcon.colcon_parallel_executor.executor.parallel:run_until_complete finished with '0'
[10.802s] DEBUG:colcon.colcon_core.event_reactor:joining thread
[10.844s] INFO:colcon.colcon_core.plugin_system:Skipping extension 'colcon_notification.desktop_notification.terminal_notifier': Not used on non-Darwin systems
[10.845s] INFO:colcon.colcon_core.plugin_system:Skipping extension 'colcon_notification.desktop_notification.win32': Not used on non-Windows systems
[10.846s] INFO:colcon.colcon_notification.desktop_notification:Sending desktop notification using 'notify2'
[10.930s] DEBUG:colcon.colcon_core.event_reactor:joined thread
[10.932s] INFO:colcon.colcon_core.shell:Creating prefix script '/home/baltazar/proyectos_ros/basic_control_ca_gz/install/local_setup.ps1'
[10.939s] INFO:colcon.colcon_core.shell:Creating prefix util module '/home/baltazar/proyectos_ros/basic_control_ca_gz/install/_local_setup_util_ps1.py'
[10.949s] INFO:colcon.colcon_core.shell:Creating prefix chain script '/home/baltazar/proyectos_ros/basic_control_ca_gz/install/setup.ps1'
[10.958s] INFO:colcon.colcon_core.shell:Creating prefix script '/home/baltazar/proyectos_ros/basic_control_ca_gz/install/local_setup.sh'
[10.963s] INFO:colcon.colcon_core.shell:Creating prefix util module '/home/baltazar/proyectos_ros/basic_control_ca_gz/install/_local_setup_util_sh.py'
[10.968s] INFO:colcon.colcon_core.shell:Creating prefix chain script '/home/baltazar/proyectos_ros/basic_control_ca_gz/install/setup.sh'
[10.976s] INFO:colcon.colcon_core.shell:Creating prefix script '/home/baltazar/proyectos_ros/basic_control_ca_gz/install/local_setup.bash'
[10.980s] INFO:colcon.colcon_core.shell:Creating prefix chain script '/home/baltazar/proyectos_ros/basic_control_ca_gz/install/setup.bash'
[10.988s] INFO:colcon.colcon_core.shell:Creating prefix script '/home/baltazar/proyectos_ros/basic_control_ca_gz/install/local_setup.zsh'
[10.993s] INFO:colcon.colcon_core.shell:Creating prefix chain script '/home/baltazar/proyectos_ros/basic_control_ca_gz/install/setup.zsh'
