[3.061s] Invoking command in '/home/baltazar/proyectos_ros/basic_control_ca_gz/src/mobile_robot': DEBUGINFOD_URLS=https://debuginfod.ubuntu.com PYTHONPATH=/home/baltazar/proyectos_ros/basic_control_ca_gz/build/mobile_robot/prefix_override:/usr/lib/python3/dist-packages/colcon_core/task/python/colcon_distutils_commands:/home/baltazar/proyectos_ros/basic_control_ca_gz/install/mobile_robot/lib/python3.12/site-packages:${PYTHONPATH} /usr/bin/python3 -W ignore:setup.py install is deprecated -W ignore:easy_install command is deprecated setup.py egg_info --egg-base ../../build/mobile_robot build --build-base /home/baltazar/proyectos_ros/basic_control_ca_gz/build/mobile_robot/build install --record /home/baltazar/proyectos_ros/basic_control_ca_gz/build/mobile_robot/install.log --single-version-externally-managed install_data
[5.922s] running egg_info
[6.145s] writing ../../build/mobile_robot/mobile_robot.egg-info/PKG-INFO
[6.146s] writing dependency_links to ../../build/mobile_robot/mobile_robot.egg-info/dependency_links.txt
[6.148s] writing entry points to ../../build/mobile_robot/mobile_robot.egg-info/entry_points.txt
[6.149s] writing requirements to ../../build/mobile_robot/mobile_robot.egg-info/requires.txt
[6.150s] writing top-level names to ../../build/mobile_robot/mobile_robot.egg-info/top_level.txt
[6.513s] reading manifest file '../../build/mobile_robot/mobile_robot.egg-info/SOURCES.txt'
[6.519s] writing manifest file '../../build/mobile_robot/mobile_robot.egg-info/SOURCES.txt'
[6.520s] running build
[6.521s] running build_py
[6.522s] running install
[6.560s] running install_lib
[6.710s] running install_data
[6.714s] copying worlds/basic.sdf -> /home/baltazar/proyectos_ros/basic_control_ca_gz/install/mobile_robot/share/mobile_robot/worlds
[6.714s] running install_egg_info
[6.830s] removing '/home/baltazar/proyectos_ros/basic_control_ca_gz/install/mobile_robot/lib/python3.12/site-packages/mobile_robot-0.0.0-py3.12.egg-info' (and everything under it)
[6.832s] Copying ../../build/mobile_robot/mobile_robot.egg-info to /home/baltazar/proyectos_ros/basic_control_ca_gz/install/mobile_robot/lib/python3.12/site-packages/mobile_robot-0.0.0-py3.12.egg-info
[6.835s] running install_scripts
[7.441s] Installing publisher script to /home/baltazar/proyectos_ros/basic_control_ca_gz/install/mobile_robot/lib/mobile_robot
[7.442s] writing list of installed files to '/home/baltazar/proyectos_ros/basic_control_ca_gz/build/mobile_robot/install.log'
[7.592s] Invoked command in '/home/baltazar/proyectos_ros/basic_control_ca_gz/src/mobile_robot' returned '0': DEBUGINFOD_URLS=https://debuginfod.ubuntu.com PYTHONPATH=/home/baltazar/proyectos_ros/basic_control_ca_gz/build/mobile_robot/prefix_override:/usr/lib/python3/dist-packages/colcon_core/task/python/colcon_distutils_commands:/home/baltazar/proyectos_ros/basic_control_ca_gz/install/mobile_robot/lib/python3.12/site-packages:${PYTHONPATH} /usr/bin/python3 -W ignore:setup.py install is deprecated -W ignore:easy_install command is deprecated setup.py egg_info --egg-base ../../build/mobile_robot build --build-base /home/baltazar/proyectos_ros/basic_control_ca_gz/build/mobile_robot/build install --record /home/baltazar/proyectos_ros/basic_control_ca_gz/build/mobile_robot/install.log --single-version-externally-managed install_data
