[0.210s] DEBUG:colcon:Command line arguments: ['/usr/bin/colcon', 'build']
[0.210s] DEBUG:colcon:Parsed command line arguments: Namespace(log_base=None, log_level=None, verb_name='build', build_base='build', install_base='install', merge_install=False, symlink_install=False, test_result_base=None, continue_on_error=False, executor='parallel', parallel_workers=8, event_handlers=None, ignore_user_meta=False, metas=['./colcon.meta'], base_paths=['.'], packages_ignore=None, packages_ignore_regex=None, paths=None, packages_up_to=None, packages_up_to_regex=None, packages_above=None, packages_above_and_dependencies=None, packages_above_depth=None, packages_select_by_dep=None, packages_skip_by_dep=None, packages_skip_up_to=None, packages_select_build_failed=False, packages_skip_build_finished=False, packages_select_test_failures=False, packages_skip_test_passed=False, packages_select=None, packages_skip=None, packages_select_regex=None, packages_skip_regex=None, packages_start=None, packages_end=None, allow_overriding=[], cmake_args=None, cmake_target=None, cmake_target_skip_unavailable=False, cmake_clean_cache=False, cmake_clean_first=False, cmake_force_configure=False, ament_cmake_args=None, catkin_cmake_args=None, catkin_skip_building_tests=False, mixin_files=None, mixin=None, verb_parser=<colcon_mixin.mixin.mixin_argument.MixinArgumentDecorator object at 0x75ac73384890>, verb_extension=<colcon_core.verb.build.BuildVerb object at 0x75ac733845c0>, main=<bound method BuildVerb.main of <colcon_core.verb.build.BuildVerb object at 0x75ac733845c0>>, mixin_verb=('build',))
[0.277s] Level 1:colcon.colcon_core.package_discovery:discover_packages(colcon_meta) check parameters
[0.277s] Level 1:colcon.colcon_core.package_discovery:discover_packages(recursive) check parameters
[0.277s] Level 1:colcon.colcon_core.package_discovery:discover_packages(ignore) check parameters
[0.277s] Level 1:colcon.colcon_core.package_discovery:discover_packages(path) check parameters
[0.277s] Level 1:colcon.colcon_core.package_discovery:discover_packages(colcon_meta) discover
[0.277s] Level 1:colcon.colcon_core.package_discovery:discover_packages(recursive) discover
[0.277s] INFO:colcon.colcon_core.package_discovery:Crawling recursively for packages in '/home/baltazar/proyectos_ros/basic_control_ca_gz'
[0.277s] Level 1:colcon.colcon_core.package_identification:_identify(.) by extensions ['ignore', 'ignore_ament_install']
[0.277s] Level 1:colcon.colcon_core.package_identification:_identify(.) by extension 'ignore'
[0.277s] Level 1:colcon.colcon_core.package_identification:_identify(.) by extension 'ignore_ament_install'
[0.278s] Level 1:colcon.colcon_core.package_identification:_identify(.) by extensions ['colcon_pkg']
[0.278s] Level 1:colcon.colcon_core.package_identification:_identify(.) by extension 'colcon_pkg'
[0.278s] Level 1:colcon.colcon_core.package_identification:_identify(.) by extensions ['colcon_meta']
[0.278s] Level 1:colcon.colcon_core.package_identification:_identify(.) by extension 'colcon_meta'
[0.278s] Level 1:colcon.colcon_core.package_identification:_identify(.) by extensions ['ros']
[0.278s] Level 1:colcon.colcon_core.package_identification:_identify(.) by extension 'ros'
[0.321s] Level 1:colcon.colcon_core.package_identification:_identify(.) by extensions ['cmake', 'python']
[0.321s] Level 1:colcon.colcon_core.package_identification:_identify(.) by extension 'cmake'
[0.321s] Level 1:colcon.colcon_core.package_identification:_identify(.) by extension 'python'
[0.321s] Level 1:colcon.colcon_core.package_identification:_identify(.) by extensions ['python_setup_py']
[0.321s] Level 1:colcon.colcon_core.package_identification:_identify(.) by extension 'python_setup_py'
[0.321s] Level 1:colcon.colcon_core.package_identification:_identify(build) by extensions ['ignore', 'ignore_ament_install']
[0.322s] Level 1:colcon.colcon_core.package_identification:_identify(build) by extension 'ignore'
[0.322s] Level 1:colcon.colcon_core.package_identification:_identify(build) ignored
[0.322s] Level 1:colcon.colcon_core.package_identification:_identify(install) by extensions ['ignore', 'ignore_ament_install']
[0.322s] Level 1:colcon.colcon_core.package_identification:_identify(install) by extension 'ignore'
[0.322s] Level 1:colcon.colcon_core.package_identification:_identify(install) ignored
[0.322s] Level 1:colcon.colcon_core.package_identification:_identify(log) by extensions ['ignore', 'ignore_ament_install']
[0.322s] Level 1:colcon.colcon_core.package_identification:_identify(log) by extension 'ignore'
[0.323s] Level 1:colcon.colcon_core.package_identification:_identify(log) ignored
[0.323s] Level 1:colcon.colcon_core.package_identification:_identify(src) by extensions ['ignore', 'ignore_ament_install']
[0.323s] Level 1:colcon.colcon_core.package_identification:_identify(src) by extension 'ignore'
[0.323s] Level 1:colcon.colcon_core.package_identification:_identify(src) by extension 'ignore_ament_install'
[0.323s] Level 1:colcon.colcon_core.package_identification:_identify(src) by extensions ['colcon_pkg']
[0.323s] Level 1:colcon.colcon_core.package_identification:_identify(src) by extension 'colcon_pkg'
[0.323s] Level 1:colcon.colcon_core.package_identification:_identify(src) by extensions ['colcon_meta']
[0.323s] Level 1:colcon.colcon_core.package_identification:_identify(src) by extension 'colcon_meta'
[0.323s] Level 1:colcon.colcon_core.package_identification:_identify(src) by extensions ['ros']
[0.323s] Level 1:colcon.colcon_core.package_identification:_identify(src) by extension 'ros'
[0.323s] Level 1:colcon.colcon_core.package_identification:_identify(src) by extensions ['cmake', 'python']
[0.323s] Level 1:colcon.colcon_core.package_identification:_identify(src) by extension 'cmake'
[0.324s] Level 1:colcon.colcon_core.package_identification:_identify(src) by extension 'python'
[0.324s] Level 1:colcon.colcon_core.package_identification:_identify(src) by extensions ['python_setup_py']
[0.324s] Level 1:colcon.colcon_core.package_identification:_identify(src) by extension 'python_setup_py'
[0.324s] Level 1:colcon.colcon_core.package_identification:_identify(src/mobile_robot) by extensions ['ignore', 'ignore_ament_install']
[0.324s] Level 1:colcon.colcon_core.package_identification:_identify(src/mobile_robot) by extension 'ignore'
[0.324s] Level 1:colcon.colcon_core.package_identification:_identify(src/mobile_robot) by extension 'ignore_ament_install'
[0.324s] Level 1:colcon.colcon_core.package_identification:_identify(src/mobile_robot) by extensions ['colcon_pkg']
[0.324s] Level 1:colcon.colcon_core.package_identification:_identify(src/mobile_robot) by extension 'colcon_pkg'
[0.324s] Level 1:colcon.colcon_core.package_identification:_identify(src/mobile_robot) by extensions ['colcon_meta']
[0.324s] Level 1:colcon.colcon_core.package_identification:_identify(src/mobile_robot) by extension 'colcon_meta'
[0.324s] Level 1:colcon.colcon_core.package_identification:_identify(src/mobile_robot) by extensions ['ros']
[0.324s] Level 1:colcon.colcon_core.package_identification:_identify(src/mobile_robot) by extension 'ros'
[0.329s] DEBUG:colcon.colcon_core.package_identification:Package 'src/mobile_robot' with type 'ros.ament_python' and name 'mobile_robot'
[0.329s] Level 1:colcon.colcon_core.package_discovery:discover_packages(recursive) using defaults
[0.329s] Level 1:colcon.colcon_core.package_discovery:discover_packages(ignore) discover
[0.329s] Level 1:colcon.colcon_core.package_discovery:discover_packages(ignore) using defaults
[0.329s] Level 1:colcon.colcon_core.package_discovery:discover_packages(path) discover
[0.329s] Level 1:colcon.colcon_core.package_discovery:discover_packages(path) using defaults
[0.366s] Level 1:colcon.colcon_core.package_discovery:discover_packages(prefix_path) check parameters
[0.366s] Level 1:colcon.colcon_core.package_discovery:discover_packages(prefix_path) discover
[0.369s] DEBUG:colcon.colcon_installed_package_information.package_discovery:Found 1 installed packages in /home/baltazar/proyectos_ros/basic_control_ca_gz/install
[0.372s] DEBUG:colcon.colcon_installed_package_information.package_discovery:Found 347 installed packages in /opt/ros/jazzy
[0.374s] Level 1:colcon.colcon_core.package_discovery:discover_packages(prefix_path) using defaults
[0.475s] Level 5:colcon.colcon_core.verb:set package 'mobile_robot' build argument 'cmake_args' from command line to 'None'
[0.475s] Level 5:colcon.colcon_core.verb:set package 'mobile_robot' build argument 'cmake_target' from command line to 'None'
[0.475s] Level 5:colcon.colcon_core.verb:set package 'mobile_robot' build argument 'cmake_target_skip_unavailable' from command line to 'False'
[0.475s] Level 5:colcon.colcon_core.verb:set package 'mobile_robot' build argument 'cmake_clean_cache' from command line to 'False'
[0.475s] Level 5:colcon.colcon_core.verb:set package 'mobile_robot' build argument 'cmake_clean_first' from command line to 'False'
[0.476s] Level 5:colcon.colcon_core.verb:set package 'mobile_robot' build argument 'cmake_force_configure' from command line to 'False'
[0.476s] Level 5:colcon.colcon_core.verb:set package 'mobile_robot' build argument 'ament_cmake_args' from command line to 'None'
[0.476s] Level 5:colcon.colcon_core.verb:set package 'mobile_robot' build argument 'catkin_cmake_args' from command line to 'None'
[0.476s] Level 5:colcon.colcon_core.verb:set package 'mobile_robot' build argument 'catkin_skip_building_tests' from command line to 'False'
[0.476s] DEBUG:colcon.colcon_core.verb:Building package 'mobile_robot' with the following arguments: {'ament_cmake_args': None, 'build_base': '/home/baltazar/proyectos_ros/basic_control_ca_gz/build/mobile_robot', 'catkin_cmake_args': None, 'catkin_skip_building_tests': False, 'cmake_args': None, 'cmake_clean_cache': False, 'cmake_clean_first': False, 'cmake_force_configure': False, 'cmake_target': None, 'cmake_target_skip_unavailable': False, 'install_base': '/home/baltazar/proyectos_ros/basic_control_ca_gz/install/mobile_robot', 'merge_install': False, 'path': '/home/baltazar/proyectos_ros/basic_control_ca_gz/src/mobile_robot', 'symlink_install': False, 'test_result_base': None}
[0.476s] INFO:colcon.colcon_core.executor:Executing jobs using 'parallel' executor
[0.478s] DEBUG:colcon.colcon_parallel_executor.executor.parallel:run_until_complete
[0.478s] INFO:colcon.colcon_ros.task.ament_python.build:Building ROS package in '/home/baltazar/proyectos_ros/basic_control_ca_gz/src/mobile_robot' with build type 'ament_python'
[0.478s] Level 1:colcon.colcon_core.shell:create_environment_hook('mobile_robot', 'ament_prefix_path')
[0.482s] INFO:colcon.colcon_core.plugin_system:Skipping extension 'colcon_core.shell.bat': Not used on non-Windows systems
[0.482s] INFO:colcon.colcon_core.shell:Creating environment hook '/home/baltazar/proyectos_ros/basic_control_ca_gz/install/mobile_robot/share/mobile_robot/hook/ament_prefix_path.ps1'
[0.484s] INFO:colcon.colcon_core.shell:Creating environment descriptor '/home/baltazar/proyectos_ros/basic_control_ca_gz/install/mobile_robot/share/mobile_robot/hook/ament_prefix_path.dsv'
[0.485s] INFO:colcon.colcon_core.shell:Creating environment hook '/home/baltazar/proyectos_ros/basic_control_ca_gz/install/mobile_robot/share/mobile_robot/hook/ament_prefix_path.sh'
[0.486s] INFO:colcon.colcon_core.shell:Skip shell extension 'powershell' for command environment: Not usable outside of PowerShell
[0.486s] DEBUG:colcon.colcon_core.shell:Skip shell extension 'dsv' for command environment
[0.953s] INFO:colcon.colcon_core.task.python.build:Building Python package in '/home/baltazar/proyectos_ros/basic_control_ca_gz/src/mobile_robot'
[0.953s] INFO:colcon.colcon_core.shell:Skip shell extension 'powershell' for command environment: Not usable outside of PowerShell
[0.953s] DEBUG:colcon.colcon_core.shell:Skip shell extension 'dsv' for command environment
[4.107s] DEBUG:colcon.colcon_core.event_handler.log_command:Invoking command in '/home/baltazar/proyectos_ros/basic_control_ca_gz/src/mobile_robot': DEBUGINFOD_URLS=https://debuginfod.ubuntu.com PYTHONPATH=/home/baltazar/proyectos_ros/basic_control_ca_gz/build/mobile_robot/prefix_override:/usr/lib/python3/dist-packages/colcon_core/task/python/colcon_distutils_commands:/home/baltazar/proyectos_ros/basic_control_ca_gz/install/mobile_robot/lib/python3.12/site-packages:${PYTHONPATH} /usr/bin/python3 -W ignore:setup.py install is deprecated -W ignore:easy_install command is deprecated setup.py egg_info --egg-base ../../build/mobile_robot build --build-base /home/baltazar/proyectos_ros/basic_control_ca_gz/build/mobile_robot/build install --record /home/baltazar/proyectos_ros/basic_control_ca_gz/build/mobile_robot/install.log --single-version-externally-managed install_data
[9.233s] DEBUG:colcon.colcon_core.event_handler.log_command:Invoked command in '/home/baltazar/proyectos_ros/basic_control_ca_gz/src/mobile_robot' returned '0': DEBUGINFOD_URLS=https://debuginfod.ubuntu.com PYTHONPATH=/home/baltazar/proyectos_ros/basic_control_ca_gz/build/mobile_robot/prefix_override:/usr/lib/python3/dist-packages/colcon_core/task/python/colcon_distutils_commands:/home/baltazar/proyectos_ros/basic_control_ca_gz/install/mobile_robot/lib/python3.12/site-packages:${PYTHONPATH} /usr/bin/python3 -W ignore:setup.py install is deprecated -W ignore:easy_install command is deprecated setup.py egg_info --egg-base ../../build/mobile_robot build --build-base /home/baltazar/proyectos_ros/basic_control_ca_gz/build/mobile_robot/build install --record /home/baltazar/proyectos_ros/basic_control_ca_gz/build/mobile_robot/install.log --single-version-externally-managed install_data
[9.249s] Level 1:colcon.colcon_core.environment:checking '/home/baltazar/proyectos_ros/basic_control_ca_gz/install/mobile_robot' for CMake module files
[9.253s] Level 1:colcon.colcon_core.environment:checking '/home/baltazar/proyectos_ros/basic_control_ca_gz/install/mobile_robot' for CMake config files
[9.260s] Level 1:colcon.colcon_core.environment:checking '/home/baltazar/proyectos_ros/basic_control_ca_gz/install/mobile_robot/lib'
[9.261s] Level 1:colcon.colcon_core.environment:checking '/home/baltazar/proyectos_ros/basic_control_ca_gz/install/mobile_robot/bin'
[9.262s] Level 1:colcon.colcon_core.environment:checking '/home/baltazar/proyectos_ros/basic_control_ca_gz/install/mobile_robot/lib/pkgconfig/mobile_robot.pc'
[9.264s] Level 1:colcon.colcon_core.environment:checking '/home/baltazar/proyectos_ros/basic_control_ca_gz/install/mobile_robot/lib/python3.12/site-packages'
[9.265s] Level 1:colcon.colcon_core.shell:create_environment_hook('mobile_robot', 'pythonpath')
[9.266s] INFO:colcon.colcon_core.shell:Creating environment hook '/home/baltazar/proyectos_ros/basic_control_ca_gz/install/mobile_robot/share/mobile_robot/hook/pythonpath.ps1'
[9.270s] INFO:colcon.colcon_core.shell:Creating environment descriptor '/home/baltazar/proyectos_ros/basic_control_ca_gz/install/mobile_robot/share/mobile_robot/hook/pythonpath.dsv'
[9.273s] INFO:colcon.colcon_core.shell:Creating environment hook '/home/baltazar/proyectos_ros/basic_control_ca_gz/install/mobile_robot/share/mobile_robot/hook/pythonpath.sh'
[9.276s] Level 1:colcon.colcon_core.environment:checking '/home/baltazar/proyectos_ros/basic_control_ca_gz/install/mobile_robot/bin'
[9.277s] Level 1:colcon.colcon_core.environment:create_environment_scripts_only(mobile_robot)
[9.278s] INFO:colcon.colcon_core.shell:Creating package script '/home/baltazar/proyectos_ros/basic_control_ca_gz/install/mobile_robot/share/mobile_robot/package.ps1'
[9.284s] INFO:colcon.colcon_core.shell:Creating package descriptor '/home/baltazar/proyectos_ros/basic_control_ca_gz/install/mobile_robot/share/mobile_robot/package.dsv'
[9.290s] INFO:colcon.colcon_core.shell:Creating package script '/home/baltazar/proyectos_ros/basic_control_ca_gz/install/mobile_robot/share/mobile_robot/package.sh'
[9.295s] INFO:colcon.colcon_core.shell:Creating package script '/home/baltazar/proyectos_ros/basic_control_ca_gz/install/mobile_robot/share/mobile_robot/package.bash'
[9.302s] INFO:colcon.colcon_core.shell:Creating package script '/home/baltazar/proyectos_ros/basic_control_ca_gz/install/mobile_robot/share/mobile_robot/package.zsh'
[9.307s] Level 1:colcon.colcon_core.environment:create_file_with_runtime_dependencies(/home/baltazar/proyectos_ros/basic_control_ca_gz/install/mobile_robot/share/colcon-core/packages/mobile_robot)
[9.309s] DEBUG:colcon.colcon_parallel_executor.executor.parallel:closing loop
[9.310s] DEBUG:colcon.colcon_parallel_executor.executor.parallel:loop closed
[9.310s] DEBUG:colcon.colcon_parallel_executor.executor.parallel:run_until_complete finished with '0'
[9.310s] DEBUG:colcon.colcon_core.event_reactor:joining thread
[9.351s] INFO:colcon.colcon_core.plugin_system:Skipping extension 'colcon_notification.desktop_notification.terminal_notifier': Not used on non-Darwin systems
[9.352s] INFO:colcon.colcon_core.plugin_system:Skipping extension 'colcon_notification.desktop_notification.win32': Not used on non-Windows systems
[9.353s] INFO:colcon.colcon_notification.desktop_notification:Sending desktop notification using 'notify2'
[9.444s] DEBUG:colcon.colcon_core.event_reactor:joined thread
[9.445s] INFO:colcon.colcon_core.shell:Creating prefix script '/home/baltazar/proyectos_ros/basic_control_ca_gz/install/local_setup.ps1'
[9.452s] INFO:colcon.colcon_core.shell:Creating prefix util module '/home/baltazar/proyectos_ros/basic_control_ca_gz/install/_local_setup_util_ps1.py'
[9.462s] INFO:colcon.colcon_core.shell:Creating prefix chain script '/home/baltazar/proyectos_ros/basic_control_ca_gz/install/setup.ps1'
[9.470s] INFO:colcon.colcon_core.shell:Creating prefix script '/home/baltazar/proyectos_ros/basic_control_ca_gz/install/local_setup.sh'
[9.475s] INFO:colcon.colcon_core.shell:Creating prefix util module '/home/baltazar/proyectos_ros/basic_control_ca_gz/install/_local_setup_util_sh.py'
[9.480s] INFO:colcon.colcon_core.shell:Creating prefix chain script '/home/baltazar/proyectos_ros/basic_control_ca_gz/install/setup.sh'
[9.488s] INFO:colcon.colcon_core.shell:Creating prefix script '/home/baltazar/proyectos_ros/basic_control_ca_gz/install/local_setup.bash'
[9.491s] INFO:colcon.colcon_core.shell:Creating prefix chain script '/home/baltazar/proyectos_ros/basic_control_ca_gz/install/setup.bash'
[9.501s] INFO:colcon.colcon_core.shell:Creating prefix script '/home/baltazar/proyectos_ros/basic_control_ca_gz/install/local_setup.zsh'
[9.505s] INFO:colcon.colcon_core.shell:Creating prefix chain script '/home/baltazar/proyectos_ros/basic_control_ca_gz/install/setup.zsh'
