[5.048s] Invoking command in '/home/baltazar/proyectos_ros/basic_control_ca_gz/src/mobile_robot': DEBUGINFOD_URLS=https://debuginfod.ubuntu.com PYTHONPATH=/home/baltazar/proyectos_ros/basic_control_ca_gz/build/mobile_robot/prefix_override:/usr/lib/python3/dist-packages/colcon_core/task/python/colcon_distutils_commands:/home/baltazar/proyectos_ros/basic_control_ca_gz/install/mobile_robot/lib/python3.12/site-packages:${PYTHONPATH} /usr/bin/python3 -W ignore:setup.py install is deprecated -W ignore:easy_install command is deprecated setup.py egg_info --egg-base ../../build/mobile_robot build --build-base /home/baltazar/proyectos_ros/basic_control_ca_gz/build/mobile_robot/build install --record /home/baltazar/proyectos_ros/basic_control_ca_gz/build/mobile_robot/install.log --single-version-externally-managed install_data
[6.552s] running egg_info
[6.678s] writing ../../build/mobile_robot/mobile_robot.egg-info/PKG-INFO
[6.678s] writing dependency_links to ../../build/mobile_robot/mobile_robot.egg-info/dependency_links.txt
[6.679s] writing entry points to ../../build/mobile_robot/mobile_robot.egg-info/entry_points.txt
[6.679s] writing requirements to ../../build/mobile_robot/mobile_robot.egg-info/requires.txt
[6.680s] writing top-level names to ../../build/mobile_robot/mobile_robot.egg-info/top_level.txt
[6.929s] reading manifest file '../../build/mobile_robot/mobile_robot.egg-info/SOURCES.txt'
[6.934s] writing manifest file '../../build/mobile_robot/mobile_robot.egg-info/SOURCES.txt'
[6.934s] running build
[6.935s] running build_py
[6.935s] copying mobile_robot/test.py -> /home/baltazar/proyectos_ros/basic_control_ca_gz/build/mobile_robot/build/lib/mobile_robot
[6.937s] running install
[6.975s] running install_lib
[7.109s] copying /home/baltazar/proyectos_ros/basic_control_ca_gz/build/mobile_robot/build/lib/mobile_robot/test.py -> /home/baltazar/proyectos_ros/basic_control_ca_gz/install/mobile_robot/lib/python3.12/site-packages/mobile_robot
[7.111s] byte-compiling /home/baltazar/proyectos_ros/basic_control_ca_gz/install/mobile_robot/lib/python3.12/site-packages/mobile_robot/test.py to test.cpython-312.pyc
[7.118s] running install_data
[7.120s] running install_egg_info
[7.269s] removing '/home/baltazar/proyectos_ros/basic_control_ca_gz/install/mobile_robot/lib/python3.12/site-packages/mobile_robot-0.0.0-py3.12.egg-info' (and everything under it)
[7.270s] Copying ../../build/mobile_robot/mobile_robot.egg-info to /home/baltazar/proyectos_ros/basic_control_ca_gz/install/mobile_robot/lib/python3.12/site-packages/mobile_robot-0.0.0-py3.12.egg-info
[7.274s] running install_scripts
[8.089s] Installing publisher script to /home/baltazar/proyectos_ros/basic_control_ca_gz/install/mobile_robot/lib/mobile_robot
[8.091s] writing list of installed files to '/home/baltazar/proyectos_ros/basic_control_ca_gz/build/mobile_robot/install.log'
[8.246s] Invoked command in '/home/baltazar/proyectos_ros/basic_control_ca_gz/src/mobile_robot' returned '0': DEBUGINFOD_URLS=https://debuginfod.ubuntu.com PYTHONPATH=/home/baltazar/proyectos_ros/basic_control_ca_gz/build/mobile_robot/prefix_override:/usr/lib/python3/dist-packages/colcon_core/task/python/colcon_distutils_commands:/home/baltazar/proyectos_ros/basic_control_ca_gz/install/mobile_robot/lib/python3.12/site-packages:${PYTHONPATH} /usr/bin/python3 -W ignore:setup.py install is deprecated -W ignore:easy_install command is deprecated setup.py egg_info --egg-base ../../build/mobile_robot build --build-base /home/baltazar/proyectos_ros/basic_control_ca_gz/build/mobile_robot/build install --record /home/baltazar/proyectos_ros/basic_control_ca_gz/build/mobile_robot/install.log --single-version-externally-managed install_data
