[1.477s] Invoking command in '/home/baltazar/proyectos_ros/basic_control_ca_gz/src/mobile_robot': DEBUGINFOD_URLS=https://debuginfod.ubuntu.com PYTHONPATH=/home/baltazar/proyectos_ros/basic_control_ca_gz/build/mobile_robot/prefix_override:/usr/lib/python3/dist-packages/colcon_core/task/python/colcon_distutils_commands:/home/baltazar/proyectos_ros/basic_control_ca_gz/install/mobile_robot/lib/python3.12/site-packages:${PYTHONPATH} /usr/bin/python3 -W ignore:setup.py install is deprecated -W ignore:easy_install command is deprecated setup.py egg_info --egg-base ../../build/mobile_robot build --build-base /home/baltazar/proyectos_ros/basic_control_ca_gz/build/mobile_robot/build install --record /home/baltazar/proyectos_ros/basic_control_ca_gz/build/mobile_robot/install.log --single-version-externally-managed install_data
[1.974s] running egg_info
[2.012s] writing ../../build/mobile_robot/mobile_robot.egg-info/PKG-INFO
[2.012s] writing dependency_links to ../../build/mobile_robot/mobile_robot.egg-info/dependency_links.txt
[2.012s] writing entry points to ../../build/mobile_robot/mobile_robot.egg-info/entry_points.txt
[2.012s] writing requirements to ../../build/mobile_robot/mobile_robot.egg-info/requires.txt
[2.012s] writing top-level names to ../../build/mobile_robot/mobile_robot.egg-info/top_level.txt
[2.093s] reading manifest file '../../build/mobile_robot/mobile_robot.egg-info/SOURCES.txt'
[2.094s] writing manifest file '../../build/mobile_robot/mobile_robot.egg-info/SOURCES.txt'
[2.095s] running build
[2.095s] running build_py
[2.095s] copying mobile_robot/test.py -> /home/baltazar/proyectos_ros/basic_control_ca_gz/build/mobile_robot/build/lib/mobile_robot
[2.095s] running install
[2.108s] running install_lib
[2.147s] copying /home/baltazar/proyectos_ros/basic_control_ca_gz/build/mobile_robot/build/lib/mobile_robot/test.py -> /home/baltazar/proyectos_ros/basic_control_ca_gz/install/mobile_robot/lib/python3.12/site-packages/mobile_robot
[2.148s] byte-compiling /home/baltazar/proyectos_ros/basic_control_ca_gz/install/mobile_robot/lib/python3.12/site-packages/mobile_robot/test.py to test.cpython-312.pyc
[2.149s] running install_data
[2.149s] running install_egg_info
[2.195s] removing '/home/baltazar/proyectos_ros/basic_control_ca_gz/install/mobile_robot/lib/python3.12/site-packages/mobile_robot-0.0.0-py3.12.egg-info' (and everything under it)
[2.195s] Copying ../../build/mobile_robot/mobile_robot.egg-info to /home/baltazar/proyectos_ros/basic_control_ca_gz/install/mobile_robot/lib/python3.12/site-packages/mobile_robot-0.0.0-py3.12.egg-info
[2.196s] running install_scripts
[2.447s] Installing publisher script to /home/baltazar/proyectos_ros/basic_control_ca_gz/install/mobile_robot/lib/mobile_robot
[2.447s] writing list of installed files to '/home/baltazar/proyectos_ros/basic_control_ca_gz/build/mobile_robot/install.log'
[2.515s] Invoked command in '/home/baltazar/proyectos_ros/basic_control_ca_gz/src/mobile_robot' returned '0': DEBUGINFOD_URLS=https://debuginfod.ubuntu.com PYTHONPATH=/home/baltazar/proyectos_ros/basic_control_ca_gz/build/mobile_robot/prefix_override:/usr/lib/python3/dist-packages/colcon_core/task/python/colcon_distutils_commands:/home/baltazar/proyectos_ros/basic_control_ca_gz/install/mobile_robot/lib/python3.12/site-packages:${PYTHONPATH} /usr/bin/python3 -W ignore:setup.py install is deprecated -W ignore:easy_install command is deprecated setup.py egg_info --egg-base ../../build/mobile_robot build --build-base /home/baltazar/proyectos_ros/basic_control_ca_gz/build/mobile_robot/build install --record /home/baltazar/proyectos_ros/basic_control_ca_gz/build/mobile_robot/install.log --single-version-externally-managed install_data
