[1.209s] Invoking command in '/home/baltazar/proyectos_ros/basic_control_ca_gz/src/mobile_robot': DEBUGINFOD_URLS=https://debuginfod.ubuntu.com PYTHONPATH=/home/baltazar/proyectos_ros/basic_control_ca_gz/build/mobile_robot/prefix_override:/usr/lib/python3/dist-packages/colcon_core/task/python/colcon_distutils_commands:/home/baltazar/proyectos_ros/basic_control_ca_gz/install/mobile_robot/lib/python3.12/site-packages:${PYTHONPATH} /usr/bin/python3 -W ignore:setup.py install is deprecated -W ignore:easy_install command is deprecated setup.py egg_info --egg-base ../../build/mobile_robot build --build-base /home/baltazar/proyectos_ros/basic_control_ca_gz/build/mobile_robot/build install --record /home/baltazar/proyectos_ros/basic_control_ca_gz/build/mobile_robot/install.log --single-version-externally-managed install_data
[1.649s] running egg_info
[1.680s] writing ../../build/mobile_robot/mobile_robot.egg-info/PKG-INFO
[1.680s] writing dependency_links to ../../build/mobile_robot/mobile_robot.egg-info/dependency_links.txt
[1.681s] writing entry points to ../../build/mobile_robot/mobile_robot.egg-info/entry_points.txt
[1.681s] writing requirements to ../../build/mobile_robot/mobile_robot.egg-info/requires.txt
[1.681s] writing top-level names to ../../build/mobile_robot/mobile_robot.egg-info/top_level.txt
[1.768s] reading manifest file '../../build/mobile_robot/mobile_robot.egg-info/SOURCES.txt'
[1.771s] writing manifest file '../../build/mobile_robot/mobile_robot.egg-info/SOURCES.txt'
[1.772s] running build
[1.772s] running build_py
[1.772s] copying mobile_robot/test.py -> /home/baltazar/proyectos_ros/basic_control_ca_gz/build/mobile_robot/build/lib/mobile_robot
[1.774s] running install
[1.813s] running install_lib
[1.952s] copying /home/baltazar/proyectos_ros/basic_control_ca_gz/build/mobile_robot/build/lib/mobile_robot/test.py -> /home/baltazar/proyectos_ros/basic_control_ca_gz/install/mobile_robot/lib/python3.12/site-packages/mobile_robot
[1.955s] byte-compiling /home/baltazar/proyectos_ros/basic_control_ca_gz/install/mobile_robot/lib/python3.12/site-packages/mobile_robot/test.py to test.cpython-312.pyc
[1.958s] running install_data
[1.959s] running install_egg_info
[2.102s] removing '/home/baltazar/proyectos_ros/basic_control_ca_gz/install/mobile_robot/lib/python3.12/site-packages/mobile_robot-0.0.0-py3.12.egg-info' (and everything under it)
[2.103s] Copying ../../build/mobile_robot/mobile_robot.egg-info to /home/baltazar/proyectos_ros/basic_control_ca_gz/install/mobile_robot/lib/python3.12/site-packages/mobile_robot-0.0.0-py3.12.egg-info
[2.107s] running install_scripts
[2.892s] Installing publisher script to /home/baltazar/proyectos_ros/basic_control_ca_gz/install/mobile_robot/lib/mobile_robot
[2.893s] writing list of installed files to '/home/baltazar/proyectos_ros/basic_control_ca_gz/build/mobile_robot/install.log'
[3.059s] Invoked command in '/home/baltazar/proyectos_ros/basic_control_ca_gz/src/mobile_robot' returned '0': DEBUGINFOD_URLS=https://debuginfod.ubuntu.com PYTHONPATH=/home/baltazar/proyectos_ros/basic_control_ca_gz/build/mobile_robot/prefix_override:/usr/lib/python3/dist-packages/colcon_core/task/python/colcon_distutils_commands:/home/baltazar/proyectos_ros/basic_control_ca_gz/install/mobile_robot/lib/python3.12/site-packages:${PYTHONPATH} /usr/bin/python3 -W ignore:setup.py install is deprecated -W ignore:easy_install command is deprecated setup.py egg_info --egg-base ../../build/mobile_robot build --build-base /home/baltazar/proyectos_ros/basic_control_ca_gz/build/mobile_robot/build install --record /home/baltazar/proyectos_ros/basic_control_ca_gz/build/mobile_robot/install.log --single-version-externally-managed install_data
