[0.842s] Invoking command in '/home/baltazar/proyectos_ros/basic_control_ca_gz/src/mobile_robot': DEBUGINFOD_URLS=https://debuginfod.ubuntu.com PYTHONPATH=/home/baltazar/proyectos_ros/basic_control_ca_gz/build/mobile_robot/prefix_override:/usr/lib/python3/dist-packages/colcon_core/task/python/colcon_distutils_commands:/home/baltazar/proyectos_ros/basic_control_ca_gz/install/mobile_robot/lib/python3.12/site-packages:${PYTHONPATH} /usr/bin/python3 -W ignore:setup.py install is deprecated -W ignore:easy_install command is deprecated setup.py egg_info --egg-base ../../build/mobile_robot build --build-base /home/baltazar/proyectos_ros/basic_control_ca_gz/build/mobile_robot/build install --record /home/baltazar/proyectos_ros/basic_control_ca_gz/build/mobile_robot/install.log --single-version-externally-managed install_data
[1.127s] running egg_info
[1.149s] writing ../../build/mobile_robot/mobile_robot.egg-info/PKG-INFO
[1.150s] writing dependency_links to ../../build/mobile_robot/mobile_robot.egg-info/dependency_links.txt
[1.150s] writing entry points to ../../build/mobile_robot/mobile_robot.egg-info/entry_points.txt
[1.150s] writing requirements to ../../build/mobile_robot/mobile_robot.egg-info/requires.txt
[1.150s] writing top-level names to ../../build/mobile_robot/mobile_robot.egg-info/top_level.txt
[1.196s] reading manifest file '../../build/mobile_robot/mobile_robot.egg-info/SOURCES.txt'
[1.196s] writing manifest file '../../build/mobile_robot/mobile_robot.egg-info/SOURCES.txt'
[1.196s] running build
[1.196s] running build_py
[1.197s] copying mobile_robot/test.py -> /home/baltazar/proyectos_ros/basic_control_ca_gz/build/mobile_robot/build/lib/mobile_robot
[1.197s] running install
[1.203s] running install_lib
[1.227s] copying /home/baltazar/proyectos_ros/basic_control_ca_gz/build/mobile_robot/build/lib/mobile_robot/test.py -> /home/baltazar/proyectos_ros/basic_control_ca_gz/install/mobile_robot/lib/python3.12/site-packages/mobile_robot
[1.227s] byte-compiling /home/baltazar/proyectos_ros/basic_control_ca_gz/install/mobile_robot/lib/python3.12/site-packages/mobile_robot/test.py to test.cpython-312.pyc
[1.228s] running install_data
[1.229s] running install_egg_info
[1.252s] removing '/home/baltazar/proyectos_ros/basic_control_ca_gz/install/mobile_robot/lib/python3.12/site-packages/mobile_robot-0.0.0-py3.12.egg-info' (and everything under it)
[1.252s] Copying ../../build/mobile_robot/mobile_robot.egg-info to /home/baltazar/proyectos_ros/basic_control_ca_gz/install/mobile_robot/lib/python3.12/site-packages/mobile_robot-0.0.0-py3.12.egg-info
[1.253s] running install_scripts
[1.397s] Installing publisher script to /home/baltazar/proyectos_ros/basic_control_ca_gz/install/mobile_robot/lib/mobile_robot
[1.397s] writing list of installed files to '/home/baltazar/proyectos_ros/basic_control_ca_gz/build/mobile_robot/install.log'
[1.426s] Invoked command in '/home/baltazar/proyectos_ros/basic_control_ca_gz/src/mobile_robot' returned '0': DEBUGINFOD_URLS=https://debuginfod.ubuntu.com PYTHONPATH=/home/baltazar/proyectos_ros/basic_control_ca_gz/build/mobile_robot/prefix_override:/usr/lib/python3/dist-packages/colcon_core/task/python/colcon_distutils_commands:/home/baltazar/proyectos_ros/basic_control_ca_gz/install/mobile_robot/lib/python3.12/site-packages:${PYTHONPATH} /usr/bin/python3 -W ignore:setup.py install is deprecated -W ignore:easy_install command is deprecated setup.py egg_info --egg-base ../../build/mobile_robot build --build-base /home/baltazar/proyectos_ros/basic_control_ca_gz/build/mobile_robot/build install --record /home/baltazar/proyectos_ros/basic_control_ca_gz/build/mobile_robot/install.log --single-version-externally-managed install_data
